
  Preparing the environment for use of requested stage ( 2020 ).

The following modules were not unloaded:
  (Use "module --force purge" to unload all):

  1) Stages/2020
Setting HOROVOD_MPI_THREADS_DISABLE=1. 
cpu_bind=NONE - jrc0328, task  1  1 [32492]: mask 0xffffffffffffffffffffffffffffffffffffffffffffffffffffffffffffffff set
cpu_bind=NONE - jrc0328, task  2  2 [32493]: mask 0xffffffffffffffffffffffffffffffffffffffffffffffffffffffffffffffff set
cpu_bind=NONE - jrc0328, task  0  0 [32495]: mask 0xffffffffffffffffffffffffffffffffffffffffffffffffffffffffffffffff set
cpu_bind=NONE - jrc0328, task  3  3 [32494]: mask 0xffffffffffffffffffffffffffffffffffffffffffffffffffffffffffffffff set
Traceback (most recent call last):
  File "../../main.py", line 261, in <module>
Traceback (most recent call last):
  File "../../main.py", line 261, in <module>
Traceback (most recent call last):
  File "../../main.py", line 261, in <module>
    dic2csv(jn(dirname,'opt.csv'), opt.__dict__)
  File "/p/project/delia-mp/cherepashkin1/circles_public/helpers.py", line 505, in dic2csv
    dic2csv(jn(dirname,'opt.csv'), opt.__dict__)
  File "/p/project/delia-mp/cherepashkin1/circles_public/helpers.py", line 505, in dic2csv
    dic2csv(jn(dirname,'opt.csv'), opt.__dict__)
  File "/p/project/delia-mp/cherepashkin1/circles_public/helpers.py", line 505, in dic2csv
Traceback (most recent call last):
  File "../../main.py", line 227, in <module>
    with open(jn(dir1,'counter.txt'), 'r') as f:
    with open(path, 'w', newline='\n') as csv_file:
    with open(path, 'w', newline='\n') as csv_file:
FileNotFoundError: [Errno 2] No such file or directory: '../../plot_output/e068/opt.csv'
FileNotFoundError: [Errno 2] No such file or directory: '../../plot_output/e068/counter.txt'
FileNotFoundError: [Errno 2] No such file or directory: '../../plot_output/e068/opt.csv'
    with open(path, 'w', newline='\n') as csv_file:
FileNotFoundError: [Errno 2] No such file or directory: '../../plot_output/e068/opt.csv'
srun: error: jrc0328: task 0: Terminated
srun: error: jrc0328: tasks 1-3: Exited with exit code 1
srun: Force Terminated job step 10159479.0
