
  Preparing the environment for use of requested stage ( 2020 ).

The following modules were not unloaded:
  (Use "module --force purge" to unload all):

  1) Stages/2020
Setting HOROVOD_MPI_THREADS_DISABLE=1. 
cpu_bind=NONE - jrc0311, task  0  0 [15057]: mask 0xffffffffffffffffffffffffffffffffffffffffffffffffffffffffffffffff set
cpu_bind=NONE - jrc0311, task  1  1 [15054]: mask 0xffffffffffffffffffffffffffffffffffffffffffffffffffffffffffffffff set
cpu_bind=NONE - jrc0311, task  2  2 [15056]: mask 0xffffffffffffffffffffffffffffffffffffffffffffffffffffffffffffffff set
cpu_bind=NONE - jrc0311, task  3  3 [15055]: mask 0xffffffffffffffffffffffffffffffffffffffffffffffffffffffffffffffff set
Traceback (most recent call last):
  File "main.py", line 260, in <module>
    dic2csv(jn(dirname,'opt.csv'), opt.__dict__)
  File "/p/project/delia-mp/cherepashkin1/circles_public/helpers.py", line 505, in dic2csv
Traceback (most recent call last):
  File "main.py", line 260, in <module>
Traceback (most recent call last):
  File "main.py", line 260, in <module>
    dic2csv(jn(dirname,'opt.csv'), opt.__dict__)
  File "/p/project/delia-mp/cherepashkin1/circles_public/helpers.py", line 505, in dic2csv
    dic2csv(jn(dirname,'opt.csv'), opt.__dict__)
  File "/p/project/delia-mp/cherepashkin1/circles_public/helpers.py", line 505, in dic2csv
    with open(path, 'w', newline='\n') as csv_file:
    with open(path, 'w', newline='\n') as csv_file:
FileNotFoundError: [Errno 2] No such file or directory: 'plot_output/e067/misc/opt.csv'
FileNotFoundError: [Errno 2] No such file or directory: 'plot_output/e067/misc/opt.csv'
    with open(path, 'w', newline='\n') as csv_file:
FileNotFoundError: [Errno 2] No such file or directory: 'plot_output/e067/misc/opt.csv'
Traceback (most recent call last):
  File "main.py", line 309, in <module>
    exec('from experiments.'+opt.expnum+'.'+name+' import *')
  File "<string>", line 1, in <module>
ModuleNotFoundError: No module named 'experiments.e067'
srun: error: jrc0311: task 2: Terminated
srun: error: jrc0311: tasks 0-1,3: Exited with exit code 1
srun: Force Terminated job step 10152894.0
